<?xml version="1.0" encoding="UTF-8"?>
<testsuite name="org.launchcode.DropCatch.DropCatchApplicationTests" tests="1" skipped="0" failures="0" errors="0" timestamp="2021-08-20T02:06:10" hostname="Lees-MBP.attlocal.net" time="0.314">
  <properties/>
  <testcase name="contextLoads()" classname="org.launchcode.DropCatch.DropCatchApplicationTests" time="0.314"/>
  <system-out><![CDATA[21:06:08.474 [Test worker] DEBUG org.springframework.test.context.BootstrapUtils - Instantiating CacheAwareContextLoaderDelegate from class [org.springframework.test.context.cache.DefaultCacheAwareContextLoaderDelegate]
21:06:08.484 [Test worker] DEBUG org.springframework.test.context.BootstrapUtils - Instantiating BootstrapContext using constructor [public org.springframework.test.context.support.DefaultBootstrapContext(java.lang.Class,org.springframework.test.context.CacheAwareContextLoaderDelegate)]
21:06:08.513 [Test worker] DEBUG org.springframework.test.context.BootstrapUtils - Instantiating TestContextBootstrapper for test class [org.launchcode.DropCatch.DropCatchApplicationTests] from class [org.springframework.boot.test.context.SpringBootTestContextBootstrapper]
21:06:08.521 [Test worker] INFO org.springframework.boot.test.context.SpringBootTestContextBootstrapper - Neither @ContextConfiguration nor @ContextHierarchy found for test class [org.launchcode.DropCatch.DropCatchApplicationTests], using SpringBootContextLoader
21:06:08.524 [Test worker] DEBUG org.springframework.test.context.support.AbstractContextLoader - Did not detect default resource location for test class [org.launchcode.DropCatch.DropCatchApplicationTests]: class path resource [org/launchcode/DropCatch/DropCatchApplicationTests-context.xml] does not exist
21:06:08.525 [Test worker] DEBUG org.springframework.test.context.support.AbstractContextLoader - Did not detect default resource location for test class [org.launchcode.DropCatch.DropCatchApplicationTests]: class path resource [org/launchcode/DropCatch/DropCatchApplicationTestsContext.groovy] does not exist
21:06:08.525 [Test worker] INFO org.springframework.test.context.support.AbstractContextLoader - Could not detect default resource locations for test class [org.launchcode.DropCatch.DropCatchApplicationTests]: no resource found for suffixes {-context.xml, Context.groovy}.
21:06:08.526 [Test worker] INFO org.springframework.test.context.support.AnnotationConfigContextLoaderUtils - Could not detect default configuration classes for test class [org.launchcode.DropCatch.DropCatchApplicationTests]: DropCatchApplicationTests does not declare any static, non-private, non-final, nested classes annotated with @Configuration.
21:06:08.565 [Test worker] DEBUG org.springframework.test.context.support.ActiveProfilesUtils - Could not find an 'annotation declaring class' for annotation type [org.springframework.test.context.ActiveProfiles] and class [org.launchcode.DropCatch.DropCatchApplicationTests]
21:06:08.610 [Test worker] DEBUG org.springframework.context.annotation.ClassPathScanningCandidateComponentProvider - Identified candidate component class: file [/Users/leekuehner/Desktop/Liftoff Project/DropCatch/build/classes/java/main/org/launchcode/DropCatch/DropCatchApplication.class]
21:06:08.611 [Test worker] INFO org.springframework.boot.test.context.SpringBootTestContextBootstrapper - Found @SpringBootConfiguration org.launchcode.DropCatch.DropCatchApplication for test class org.launchcode.DropCatch.DropCatchApplicationTests
21:06:08.693 [Test worker] DEBUG org.springframework.boot.test.context.SpringBootTestContextBootstrapper - @TestExecutionListeners is not present for class [org.launchcode.DropCatch.DropCatchApplicationTests]: using defaults.
21:06:08.693 [Test worker] INFO org.springframework.boot.test.context.SpringBootTestContextBootstrapper - Loaded default TestExecutionListener class names from location [META-INF/spring.factories]: [org.springframework.boot.test.autoconfigure.restdocs.RestDocsTestExecutionListener, org.springframework.boot.test.autoconfigure.web.client.MockRestServiceServerResetTestExecutionListener, org.springframework.boot.test.autoconfigure.web.servlet.MockMvcPrintOnlyOnFailureTestExecutionListener, org.springframework.boot.test.autoconfigure.web.servlet.WebDriverTestExecutionListener, org.springframework.boot.test.autoconfigure.webservices.client.MockWebServiceServerTestExecutionListener, org.springframework.boot.test.mock.mockito.MockitoTestExecutionListener, org.springframework.boot.test.mock.mockito.ResetMocksTestExecutionListener, org.springframework.test.context.web.ServletTestExecutionListener, org.springframework.test.context.support.DirtiesContextBeforeModesTestExecutionListener, org.springframework.test.context.event.ApplicationEventsTestExecutionListener, org.springframework.test.context.support.DependencyInjectionTestExecutionListener, org.springframework.test.context.support.DirtiesContextTestExecutionListener, org.springframework.test.context.transaction.TransactionalTestExecutionListener, org.springframework.test.context.jdbc.SqlScriptsTestExecutionListener, org.springframework.test.context.event.EventPublishingTestExecutionListener]
21:06:08.706 [Test worker] DEBUG org.springframework.boot.test.context.SpringBootTestContextBootstrapper - Skipping candidate TestExecutionListener [org.springframework.test.context.transaction.TransactionalTestExecutionListener] due to a missing dependency. Specify custom listener classes or make the default listener classes and their required dependencies available. Offending class: [org/springframework/transaction/interceptor/TransactionAttributeSource]
21:06:08.707 [Test worker] DEBUG org.springframework.boot.test.context.SpringBootTestContextBootstrapper - Skipping candidate TestExecutionListener [org.springframework.test.context.jdbc.SqlScriptsTestExecutionListener] due to a missing dependency. Specify custom listener classes or make the default listener classes and their required dependencies available. Offending class: [org/springframework/transaction/interceptor/TransactionAttribute]
21:06:08.707 [Test worker] INFO org.springframework.boot.test.context.SpringBootTestContextBootstrapper - Using TestExecutionListeners: [org.springframework.test.context.web.ServletTestExecutionListener@c73a2f8, org.springframework.test.context.support.DirtiesContextBeforeModesTestExecutionListener@76456a1b, org.springframework.test.context.event.ApplicationEventsTestExecutionListener@305d38b3, org.springframework.boot.test.mock.mockito.MockitoTestExecutionListener@10ae9e43, org.springframework.boot.test.autoconfigure.SpringBootDependencyInjectionTestExecutionListener@15b9acc, org.springframework.test.context.support.DirtiesContextTestExecutionListener@5c932d4e, org.springframework.test.context.event.EventPublishingTestExecutionListener@5d21ecf, org.springframework.boot.test.autoconfigure.restdocs.RestDocsTestExecutionListener@61ead4b0, org.springframework.boot.test.autoconfigure.web.client.MockRestServiceServerResetTestExecutionListener@3c3abfbb, org.springframework.boot.test.autoconfigure.web.servlet.MockMvcPrintOnlyOnFailureTestExecutionListener@79060c2f, org.springframework.boot.test.autoconfigure.web.servlet.WebDriverTestExecutionListener@6c3741a6, org.springframework.boot.test.autoconfigure.webservices.client.MockWebServiceServerTestExecutionListener@5bcf57c4, org.springframework.boot.test.mock.mockito.ResetMocksTestExecutionListener@3261ec61]
21:06:08.712 [Test worker] DEBUG org.springframework.test.context.support.AbstractDirtiesContextTestExecutionListener - Before test class: context [DefaultTestContext@7254a8c6 testClass = DropCatchApplicationTests, testInstance = [null], testMethod = [null], testException = [null], mergedContextConfiguration = [WebMergedContextConfiguration@4968ddd5 testClass = DropCatchApplicationTests, locations = '{}', classes = '{class org.launchcode.DropCatch.DropCatchApplication}', contextInitializerClasses = '[]', activeProfiles = '{}', propertySourceLocations = '{}', propertySourceProperties = '{org.springframework.boot.test.context.SpringBootTestContextBootstrapper=true}', contextCustomizers = set[org.springframework.boot.test.autoconfigure.actuate.metrics.MetricsExportContextCustomizerFactory$DisableMetricExportContextCustomizer@5b8e210, org.springframework.boot.test.autoconfigure.properties.PropertyMappingContextCustomizer@0, org.springframework.boot.test.autoconfigure.web.servlet.WebDriverContextCustomizerFactory$Customizer@5a975ab3, org.springframework.boot.test.context.filter.ExcludeFilterContextCustomizer@16fb9dec, org.springframework.boot.test.json.DuplicateJsonObjectContextCustomizerFactory$DuplicateJsonObjectContextCustomizer@2711b5f0, org.springframework.boot.test.mock.mockito.MockitoContextCustomizer@0, org.springframework.boot.test.web.client.TestRestTemplateContextCustomizer@4ed6a24e, org.springframework.boot.test.context.SpringBootTestArgs@1, org.springframework.boot.test.context.SpringBootTestWebEnvironment@7d0631d9], resourceBasePath = 'src/main/webapp', contextLoader = 'org.springframework.boot.test.context.SpringBootContextLoader', parent = [null]], attributes = map['org.springframework.test.context.web.ServletTestExecutionListener.activateListener' -> true]], class annotated with @DirtiesContext [false] with mode [null].
21:06:08.744 [Test worker] DEBUG org.springframework.test.context.support.TestPropertySourceUtils - Adding inlined properties to environment: {spring.jmx.enabled=false, org.springframework.boot.test.context.SpringBootTestContextBootstrapper=true}

  .   ____          _            __ _ _
 /\\ / ___'_ __ _ _(_)_ __  __ _ \ \ \ \
( ( )\___ | '_ | '_| | '_ \/ _` | \ \ \ \
 \\/  ___)| |_)| | | | | || (_| |  ) ) ) )
  '  |____| .__|_| |_|_| |_\__, | / / / /
 =========|_|==============|___/=/_/_/_/
 :: Spring Boot ::                (v2.5.4)

2021-08-19 21:06:08.991  INFO 4588 --- [    Test worker] o.l.DropCatch.DropCatchApplicationTests  : Starting DropCatchApplicationTests using Java 15.0.2 on Lees-MBP.attlocal.net with PID 4588 (started by leekuehner in /Users/leekuehner/Desktop/Liftoff Project/DropCatch)
2021-08-19 21:06:08.994  INFO 4588 --- [    Test worker] o.l.DropCatch.DropCatchApplicationTests  : No active profile set, falling back to default profiles: default
2021-08-19 21:06:10.102  INFO 4588 --- [    Test worker] o.l.DropCatch.DropCatchApplicationTests  : Started DropCatchApplicationTests in 1.352 seconds (JVM running for 2.287)
]]></system-out>
  <system-err><![CDATA[]]></system-err>
</testsuite>
